* 2016-10-23 6a0a60e michael
* 2016-10-20 cf4156b michael
* 2016-10-19 3306e29 Moon
* 2016-10-19 4f65238 michael
* 2016-10-17 b440253 michael
* 2016-10-17 5f8b059 michael
* 2016-10-16 818f701 michael
* 2016-10-15 e62ef57 michael
* 2016-10-14 2f20473 michael
* 2016-10-14 0deee3f scottfletcher28
* 2016-10-14 7b08853 michael
* 2016-10-13 1d30317 michael
* 2016-10-12 6b2f9c1 michael
* 2016-10-12 820b676 michael
* 2016-10-12 5ec92ab michael
* 2016-10-12 f66000c scottfletcher28
* 2016-10-09 9369e67 michael
*   2016-10-09 3964d51 michael
|\  
| * 2016-10-06 608ec95 scottfletcher28
* | 2016-10-09 d6c17d1 michael
|/  
* 2016-10-06 e4f2e95 michael
* 2016-10-06 2fddf7a michael
* 2016-10-06 0aecb2b michael
* 2016-10-06 12d44ae Moon
* 2016-10-06 7872207 Moon
* 2016-10-06 9813b74 Moon
* 2016-10-05 82cf9ac Moon
* 2016-10-05 e6809e9 michael
* 2016-10-04 b2f9056 scottfletcher28
* 2016-10-04 0351d4b scottfletcher28
* 2016-09-27 9598af9 michael
* 2016-09-26 e864706 michael
* 2016-09-25 8479be9 michael
* 2016-09-25 0b2d4f7 michael
* 2016-09-25 b3b39cd michael
* 2016-09-25 1cab076 michael
* 2016-09-24 02ff663 michael
* 2016-09-24 0c54397 michael
* 2016-09-24 93b96c7 michael
* 2016-09-22 47c0f85 michael
* 2016-09-22 fc9116a michael
* 2016-09-22 78d2052 michael
* 2016-09-22 14fdae1 michael
* 2016-09-21 e822ad2 michael
* 2016-09-21 b264090 michael
* 2016-09-18 e16e4e9 michael
* 2016-09-17 6a87b9c michael
* 2016-09-17 65c7e29 michael
* 2016-09-17 d4f2f68 michael
* 2016-09-15 90c99a7 michael
* 2016-09-15 fba7b2a michael
* 2016-09-15 64e4078 michael
* 2016-09-14 340c723 michael
* 2016-09-14 b01f971 michael
* 2016-09-14 6fd8096 michael
* 2016-09-14 bc0f158 michael
* 2016-09-09 6d8d8e8 michael
* 2016-09-09 45bc338 michael
* 2016-09-08 e124491 michael
* 2016-09-05 675baa7 michael
* 2016-09-04 295a67a michael
*   2016-09-04 ed18086 michael
|\  
| * 2016-09-04 dd77535 scottfletcher28
| * 2016-09-04 da99e3b scottfletcher28
* | 2016-09-04 681159c michael
|/  
* 2016-09-03 dedcdfb michael
* 2016-09-03 a3a33e9 michael
* 2016-09-03 f965219 michael
* 2016-09-03 10a0e5e michael
* 2016-09-03 322a3cb michael
* 2016-09-03 00d01c8 michael
* 2016-09-03 3679bd5 michael
* 2016-09-03 efc7a5c michael
* 2016-09-03 558e623 michael
*   2016-09-03 c789914 michael
|\  
| * 2016-09-02 64f2f0e Moon
* | 2016-09-03 d641b1f michael
|/  
* 2016-08-31 08345da michael
* 2016-08-31 fcec49d michael
* 2016-08-31 3e0428f michael
* 2016-08-31 d21446b Moon
* 2016-08-31 2ea976d michael
*   2016-08-31 7297b99 michael
|\  
| *   2016-08-31 7ab58ed scottfletcher28
| |\  
| | * 2016-08-31 8e67448 MichaelDevenish
| * | 2016-08-31 f1fef0e scottfletcher28
| |/  
* | 2016-08-31 5ead8bd michael
|/  
* 2016-08-29 151c7ac scottfletcher28
* 2016-08-29 6039363 MichaelDevenish
* 2016-08-29 24b3219 MichaelDevenish
* 2016-08-29 01969a6 MichaelDevenish
* 2016-08-28 247105e MichaelDevenish
* 2016-08-27 3814b36 MichaelDevenish
* 2016-08-27 dba1f83 MichaelDevenish
* 2016-08-27 0e7332c MichaelDevenish
* 2016-08-27 c546472 MichaelDevenish
* 2016-08-26 0116710 MichaelDevenish
* 2016-08-26 d62f81f MichaelDevenish
* 2016-08-25 a11c773 MichaelDevenish
* 2016-08-24 de8bf43 MichaelDevenish
* 2016-08-24 41d27da MichaelDevenish
* 2016-08-24 29b4bc1 MichaelDevenish
* 2016-08-24 31318d4 MichaelDevenish
* 2016-08-24 7bc6b2a MichaelDevenish
* 2016-08-24 df45386 MichaelDevenish
* 2016-08-24 3197542 MichaelDevenish
* 2016-08-24 deb60c1 Michael Devenish
* 2016-08-24 f52b995 MichaelDevenish
* 2016-08-17 084a30c MichaelDevenish
*   2016-08-15 35540e7 MichaelDevenish
|\  
| * 2016-08-11 5ad51a9 Moon Lo
* 2016-08-15 666a53e MichaelDevenish